2025-10-26 11:35:33,328 - Base_datos.conexion - ERROR - Error al conectar a la base de datos: (mysql.connector.errors.ProgrammingError) 1049 (42000): Unknown database 'observatorio_bilinguismo'
(Background on this error at: https://sqlalche.me/e/20/f405)
Traceback (most recent call last):
  File "D:\Proyectos Jc Code\Archivos para BD rionegro\Observatorio\env\Lib\site-packages\mysql\connector\connection_cext.py", line 354, in _open_connection
    self._cmysql.connect(**cnx_kwargs)
    ~~~~~~~~~~~~~~~~~~~~^^^^^^^^^^^^^^
_mysql_connector.MySQLInterfaceError: Unknown database 'observatorio_bilinguismo'

The above exception was the direct cause of the following exception:

Traceback (most recent call last):
  File "D:\Proyectos Jc Code\Archivos para BD rionegro\Observatorio\env\Lib\site-packages\sqlalchemy\engine\base.py", line 143, in __init__
    self._dbapi_connection = engine.raw_connection()
                             ~~~~~~~~~~~~~~~~~~~~~^^
  File "D:\Proyectos Jc Code\Archivos para BD rionegro\Observatorio\env\Lib\site-packages\sqlalchemy\engine\base.py", line 3301, in raw_connection
    return self.pool.connect()
           ~~~~~~~~~~~~~~~~~^^
  File "D:\Proyectos Jc Code\Archivos para BD rionegro\Observatorio\env\Lib\site-packages\sqlalchemy\pool\base.py", line 447, in connect
    return _ConnectionFairy._checkout(self)
           ~~~~~~~~~~~~~~~~~~~~~~~~~~^^^^^^
  File "D:\Proyectos Jc Code\Archivos para BD rionegro\Observatorio\env\Lib\site-packages\sqlalchemy\pool\base.py", line 1264, in _checkout
    fairy = _ConnectionRecord.checkout(pool)
  File "D:\Proyectos Jc Code\Archivos para BD rionegro\Observatorio\env\Lib\site-packages\sqlalchemy\pool\base.py", line 711, in checkout
    rec = pool._do_get()
  File "D:\Proyectos Jc Code\Archivos para BD rionegro\Observatorio\env\Lib\site-packages\sqlalchemy\pool\impl.py", line 177, in _do_get
    with util.safe_reraise():
         ~~~~~~~~~~~~~~~~~^^
  File "D:\Proyectos Jc Code\Archivos para BD rionegro\Observatorio\env\Lib\site-packages\sqlalchemy\util\langhelpers.py", line 224, in __exit__
    raise exc_value.with_traceback(exc_tb)
  File "D:\Proyectos Jc Code\Archivos para BD rionegro\Observatorio\env\Lib\site-packages\sqlalchemy\pool\impl.py", line 175, in _do_get
    return self._create_connection()
           ~~~~~~~~~~~~~~~~~~~~~~~^^
  File "D:\Proyectos Jc Code\Archivos para BD rionegro\Observatorio\env\Lib\site-packages\sqlalchemy\pool\base.py", line 388, in _create_connection
    return _ConnectionRecord(self)
  File "D:\Proyectos Jc Code\Archivos para BD rionegro\Observatorio\env\Lib\site-packages\sqlalchemy\pool\base.py", line 673, in __init__
    self.__connect()
    ~~~~~~~~~~~~~~^^
  File "D:\Proyectos Jc Code\Archivos para BD rionegro\Observatorio\env\Lib\site-packages\sqlalchemy\pool\base.py", line 899, in __connect
    with util.safe_reraise():
         ~~~~~~~~~~~~~~~~~^^
  File "D:\Proyectos Jc Code\Archivos para BD rionegro\Observatorio\env\Lib\site-packages\sqlalchemy\util\langhelpers.py", line 224, in __exit__
    raise exc_value.with_traceback(exc_tb)
  File "D:\Proyectos Jc Code\Archivos para BD rionegro\Observatorio\env\Lib\site-packages\sqlalchemy\pool\base.py", line 895, in __connect
    self.dbapi_connection = connection = pool._invoke_creator(self)
                                         ~~~~~~~~~~~~~~~~~~~~^^^^^^
  File "D:\Proyectos Jc Code\Archivos para BD rionegro\Observatorio\env\Lib\site-packages\sqlalchemy\engine\create.py", line 661, in connect
    return dialect.connect(*cargs, **cparams)
           ~~~~~~~~~~~~~~~^^^^^^^^^^^^^^^^^^^
  File "D:\Proyectos Jc Code\Archivos para BD rionegro\Observatorio\env\Lib\site-packages\sqlalchemy\engine\default.py", line 629, in connect
    return self.loaded_dbapi.connect(*cargs, **cparams)  # type: ignore[no-any-return]  # NOQA: E501
           ~~~~~~~~~~~~~~~~~~~~~~~~~^^^^^^^^^^^^^^^^^^^
  File "D:\Proyectos Jc Code\Archivos para BD rionegro\Observatorio\env\Lib\site-packages\mysql\connector\pooling.py", line 322, in connect
    return CMySQLConnection(*args, **kwargs)
  File "D:\Proyectos Jc Code\Archivos para BD rionegro\Observatorio\env\Lib\site-packages\mysql\connector\connection_cext.py", line 142, in __init__
    self.connect(**kwargs)
    ~~~~~~~~~~~~^^^^^^^^^^
  File "D:\Proyectos Jc Code\Archivos para BD rionegro\Observatorio\env\Lib\site-packages\mysql\connector\abstracts.py", line 1604, in connect
    self._open_connection()
    ~~~~~~~~~~~~~~~~~~~~~^^
  File "D:\Proyectos Jc Code\Archivos para BD rionegro\Observatorio\env\Lib\site-packages\mysql\connector\connection_cext.py", line 360, in _open_connection
    raise get_mysql_exception(
        err.errno, msg=err.msg, sqlstate=err.sqlstate
    ) from err
mysql.connector.errors.ProgrammingError: 1049 (42000): Unknown database 'observatorio_bilinguismo'

The above exception was the direct cause of the following exception:

Traceback (most recent call last):
  File "d:\Proyectos Jc Code\Archivos para BD rionegro\Observatorio\Base_datos\conexion.py", line 16, in <module>
    with engine.connect() as connection:
         ~~~~~~~~~~~~~~^^
  File "D:\Proyectos Jc Code\Archivos para BD rionegro\Observatorio\env\Lib\site-packages\sqlalchemy\engine\base.py", line 3277, in connect
    return self._connection_cls(self)
           ~~~~~~~~~~~~~~~~~~~~^^^^^^
  File "D:\Proyectos Jc Code\Archivos para BD rionegro\Observatorio\env\Lib\site-packages\sqlalchemy\engine\base.py", line 145, in __init__
    Connection._handle_dbapi_exception_noconnection(
    ~~~~~~~~~~~~~~~~~~~~~~~~~~~~~~~~~~~~~~~~~~~~~~~^
        err, dialect, engine
        ^^^^^^^^^^^^^^^^^^^^
    )
    ^
  File "D:\Proyectos Jc Code\Archivos para BD rionegro\Observatorio\env\Lib\site-packages\sqlalchemy\engine\base.py", line 2440, in _handle_dbapi_exception_noconnection
    raise sqlalchemy_exception.with_traceback(exc_info[2]) from e
  File "D:\Proyectos Jc Code\Archivos para BD rionegro\Observatorio\env\Lib\site-packages\sqlalchemy\engine\base.py", line 143, in __init__
    self._dbapi_connection = engine.raw_connection()
                             ~~~~~~~~~~~~~~~~~~~~~^^
  File "D:\Proyectos Jc Code\Archivos para BD rionegro\Observatorio\env\Lib\site-packages\sqlalchemy\engine\base.py", line 3301, in raw_connection
    return self.pool.connect()
           ~~~~~~~~~~~~~~~~~^^
  File "D:\Proyectos Jc Code\Archivos para BD rionegro\Observatorio\env\Lib\site-packages\sqlalchemy\pool\base.py", line 447, in connect
    return _ConnectionFairy._checkout(self)
           ~~~~~~~~~~~~~~~~~~~~~~~~~~^^^^^^
  File "D:\Proyectos Jc Code\Archivos para BD rionegro\Observatorio\env\Lib\site-packages\sqlalchemy\pool\base.py", line 1264, in _checkout
    fairy = _ConnectionRecord.checkout(pool)
  File "D:\Proyectos Jc Code\Archivos para BD rionegro\Observatorio\env\Lib\site-packages\sqlalchemy\pool\base.py", line 711, in checkout
    rec = pool._do_get()
  File "D:\Proyectos Jc Code\Archivos para BD rionegro\Observatorio\env\Lib\site-packages\sqlalchemy\pool\impl.py", line 177, in _do_get
    with util.safe_reraise():
         ~~~~~~~~~~~~~~~~~^^
  File "D:\Proyectos Jc Code\Archivos para BD rionegro\Observatorio\env\Lib\site-packages\sqlalchemy\util\langhelpers.py", line 224, in __exit__
    raise exc_value.with_traceback(exc_tb)
  File "D:\Proyectos Jc Code\Archivos para BD rionegro\Observatorio\env\Lib\site-packages\sqlalchemy\pool\impl.py", line 175, in _do_get
    return self._create_connection()
           ~~~~~~~~~~~~~~~~~~~~~~~^^
  File "D:\Proyectos Jc Code\Archivos para BD rionegro\Observatorio\env\Lib\site-packages\sqlalchemy\pool\base.py", line 388, in _create_connection
    return _ConnectionRecord(self)
  File "D:\Proyectos Jc Code\Archivos para BD rionegro\Observatorio\env\Lib\site-packages\sqlalchemy\pool\base.py", line 673, in __init__
    self.__connect()
    ~~~~~~~~~~~~~~^^
  File "D:\Proyectos Jc Code\Archivos para BD rionegro\Observatorio\env\Lib\site-packages\sqlalchemy\pool\base.py", line 899, in __connect
    with util.safe_reraise():
         ~~~~~~~~~~~~~~~~~^^
  File "D:\Proyectos Jc Code\Archivos para BD rionegro\Observatorio\env\Lib\site-packages\sqlalchemy\util\langhelpers.py", line 224, in __exit__
    raise exc_value.with_traceback(exc_tb)
  File "D:\Proyectos Jc Code\Archivos para BD rionegro\Observatorio\env\Lib\site-packages\sqlalchemy\pool\base.py", line 895, in __connect
    self.dbapi_connection = connection = pool._invoke_creator(self)
                                         ~~~~~~~~~~~~~~~~~~~~^^^^^^
  File "D:\Proyectos Jc Code\Archivos para BD rionegro\Observatorio\env\Lib\site-packages\sqlalchemy\engine\create.py", line 661, in connect
    return dialect.connect(*cargs, **cparams)
           ~~~~~~~~~~~~~~~^^^^^^^^^^^^^^^^^^^
  File "D:\Proyectos Jc Code\Archivos para BD rionegro\Observatorio\env\Lib\site-packages\sqlalchemy\engine\default.py", line 629, in connect
    return self.loaded_dbapi.connect(*cargs, **cparams)  # type: ignore[no-any-return]  # NOQA: E501
           ~~~~~~~~~~~~~~~~~~~~~~~~~^^^^^^^^^^^^^^^^^^^
  File "D:\Proyectos Jc Code\Archivos para BD rionegro\Observatorio\env\Lib\site-packages\mysql\connector\pooling.py", line 322, in connect
    return CMySQLConnection(*args, **kwargs)
  File "D:\Proyectos Jc Code\Archivos para BD rionegro\Observatorio\env\Lib\site-packages\mysql\connector\connection_cext.py", line 142, in __init__
    self.connect(**kwargs)
    ~~~~~~~~~~~~^^^^^^^^^^
  File "D:\Proyectos Jc Code\Archivos para BD rionegro\Observatorio\env\Lib\site-packages\mysql\connector\abstracts.py", line 1604, in connect
    self._open_connection()
    ~~~~~~~~~~~~~~~~~~~~~^^
  File "D:\Proyectos Jc Code\Archivos para BD rionegro\Observatorio\env\Lib\site-packages\mysql\connector\connection_cext.py", line 360, in _open_connection
    raise get_mysql_exception(
        err.errno, msg=err.msg, sqlstate=err.sqlstate
    ) from err
sqlalchemy.exc.ProgrammingError: (mysql.connector.errors.ProgrammingError) 1049 (42000): Unknown database 'observatorio_bilinguismo'
(Background on this error at: https://sqlalche.me/e/20/f405)
2025-10-26 11:35:54,839 - conexion - ERROR - Error al conectar a la base de datos: (mysql.connector.errors.ProgrammingError) 1049 (42000): Unknown database 'observatorio_bilinguismo'
(Background on this error at: https://sqlalche.me/e/20/f405)
Traceback (most recent call last):
  File "D:\Proyectos Jc Code\Archivos para BD rionegro\Observatorio\env\Lib\site-packages\mysql\connector\connection_cext.py", line 354, in _open_connection
    self._cmysql.connect(**cnx_kwargs)
    ~~~~~~~~~~~~~~~~~~~~^^^^^^^^^^^^^^
_mysql_connector.MySQLInterfaceError: Unknown database 'observatorio_bilinguismo'

The above exception was the direct cause of the following exception:

Traceback (most recent call last):
  File "D:\Proyectos Jc Code\Archivos para BD rionegro\Observatorio\env\Lib\site-packages\sqlalchemy\engine\base.py", line 143, in __init__
    self._dbapi_connection = engine.raw_connection()
                             ~~~~~~~~~~~~~~~~~~~~~^^
  File "D:\Proyectos Jc Code\Archivos para BD rionegro\Observatorio\env\Lib\site-packages\sqlalchemy\engine\base.py", line 3301, in raw_connection
    return self.pool.connect()
           ~~~~~~~~~~~~~~~~~^^
  File "D:\Proyectos Jc Code\Archivos para BD rionegro\Observatorio\env\Lib\site-packages\sqlalchemy\pool\base.py", line 447, in connect
    return _ConnectionFairy._checkout(self)
           ~~~~~~~~~~~~~~~~~~~~~~~~~~^^^^^^
  File "D:\Proyectos Jc Code\Archivos para BD rionegro\Observatorio\env\Lib\site-packages\sqlalchemy\pool\base.py", line 1264, in _checkout
    fairy = _ConnectionRecord.checkout(pool)
  File "D:\Proyectos Jc Code\Archivos para BD rionegro\Observatorio\env\Lib\site-packages\sqlalchemy\pool\base.py", line 711, in checkout
    rec = pool._do_get()
  File "D:\Proyectos Jc Code\Archivos para BD rionegro\Observatorio\env\Lib\site-packages\sqlalchemy\pool\impl.py", line 177, in _do_get
    with util.safe_reraise():
         ~~~~~~~~~~~~~~~~~^^
  File "D:\Proyectos Jc Code\Archivos para BD rionegro\Observatorio\env\Lib\site-packages\sqlalchemy\util\langhelpers.py", line 224, in __exit__
    raise exc_value.with_traceback(exc_tb)
  File "D:\Proyectos Jc Code\Archivos para BD rionegro\Observatorio\env\Lib\site-packages\sqlalchemy\pool\impl.py", line 175, in _do_get
    return self._create_connection()
           ~~~~~~~~~~~~~~~~~~~~~~~^^
  File "D:\Proyectos Jc Code\Archivos para BD rionegro\Observatorio\env\Lib\site-packages\sqlalchemy\pool\base.py", line 388, in _create_connection
    return _ConnectionRecord(self)
  File "D:\Proyectos Jc Code\Archivos para BD rionegro\Observatorio\env\Lib\site-packages\sqlalchemy\pool\base.py", line 673, in __init__
    self.__connect()
    ~~~~~~~~~~~~~~^^
  File "D:\Proyectos Jc Code\Archivos para BD rionegro\Observatorio\env\Lib\site-packages\sqlalchemy\pool\base.py", line 899, in __connect
    with util.safe_reraise():
         ~~~~~~~~~~~~~~~~~^^
  File "D:\Proyectos Jc Code\Archivos para BD rionegro\Observatorio\env\Lib\site-packages\sqlalchemy\util\langhelpers.py", line 224, in __exit__
    raise exc_value.with_traceback(exc_tb)
  File "D:\Proyectos Jc Code\Archivos para BD rionegro\Observatorio\env\Lib\site-packages\sqlalchemy\pool\base.py", line 895, in __connect
    self.dbapi_connection = connection = pool._invoke_creator(self)
                                         ~~~~~~~~~~~~~~~~~~~~^^^^^^
  File "D:\Proyectos Jc Code\Archivos para BD rionegro\Observatorio\env\Lib\site-packages\sqlalchemy\engine\create.py", line 661, in connect
    return dialect.connect(*cargs, **cparams)
           ~~~~~~~~~~~~~~~^^^^^^^^^^^^^^^^^^^
  File "D:\Proyectos Jc Code\Archivos para BD rionegro\Observatorio\env\Lib\site-packages\sqlalchemy\engine\default.py", line 629, in connect
    return self.loaded_dbapi.connect(*cargs, **cparams)  # type: ignore[no-any-return]  # NOQA: E501
           ~~~~~~~~~~~~~~~~~~~~~~~~~^^^^^^^^^^^^^^^^^^^
  File "D:\Proyectos Jc Code\Archivos para BD rionegro\Observatorio\env\Lib\site-packages\mysql\connector\pooling.py", line 322, in connect
    return CMySQLConnection(*args, **kwargs)
  File "D:\Proyectos Jc Code\Archivos para BD rionegro\Observatorio\env\Lib\site-packages\mysql\connector\connection_cext.py", line 142, in __init__
    self.connect(**kwargs)
    ~~~~~~~~~~~~^^^^^^^^^^
  File "D:\Proyectos Jc Code\Archivos para BD rionegro\Observatorio\env\Lib\site-packages\mysql\connector\abstracts.py", line 1604, in connect
    self._open_connection()
    ~~~~~~~~~~~~~~~~~~~~~^^
  File "D:\Proyectos Jc Code\Archivos para BD rionegro\Observatorio\env\Lib\site-packages\mysql\connector\connection_cext.py", line 360, in _open_connection
    raise get_mysql_exception(
        err.errno, msg=err.msg, sqlstate=err.sqlstate
    ) from err
mysql.connector.errors.ProgrammingError: 1049 (42000): Unknown database 'observatorio_bilinguismo'

The above exception was the direct cause of the following exception:

Traceback (most recent call last):
  File "d:\Proyectos Jc Code\Archivos para BD rionegro\Observatorio\Base_datos\conexion.py", line 16, in <module>
    with engine.connect() as connection:
         ~~~~~~~~~~~~~~^^
  File "D:\Proyectos Jc Code\Archivos para BD rionegro\Observatorio\env\Lib\site-packages\sqlalchemy\engine\base.py", line 3277, in connect
    return self._connection_cls(self)
           ~~~~~~~~~~~~~~~~~~~~^^^^^^
  File "D:\Proyectos Jc Code\Archivos para BD rionegro\Observatorio\env\Lib\site-packages\sqlalchemy\engine\base.py", line 145, in __init__
    Connection._handle_dbapi_exception_noconnection(
    ~~~~~~~~~~~~~~~~~~~~~~~~~~~~~~~~~~~~~~~~~~~~~~~^
        err, dialect, engine
        ^^^^^^^^^^^^^^^^^^^^
    )
    ^
  File "D:\Proyectos Jc Code\Archivos para BD rionegro\Observatorio\env\Lib\site-packages\sqlalchemy\engine\base.py", line 2440, in _handle_dbapi_exception_noconnection
    raise sqlalchemy_exception.with_traceback(exc_info[2]) from e
  File "D:\Proyectos Jc Code\Archivos para BD rionegro\Observatorio\env\Lib\site-packages\sqlalchemy\engine\base.py", line 143, in __init__
    self._dbapi_connection = engine.raw_connection()
                             ~~~~~~~~~~~~~~~~~~~~~^^
  File "D:\Proyectos Jc Code\Archivos para BD rionegro\Observatorio\env\Lib\site-packages\sqlalchemy\engine\base.py", line 3301, in raw_connection
    return self.pool.connect()
           ~~~~~~~~~~~~~~~~~^^
  File "D:\Proyectos Jc Code\Archivos para BD rionegro\Observatorio\env\Lib\site-packages\sqlalchemy\pool\base.py", line 447, in connect
    return _ConnectionFairy._checkout(self)
           ~~~~~~~~~~~~~~~~~~~~~~~~~~^^^^^^
  File "D:\Proyectos Jc Code\Archivos para BD rionegro\Observatorio\env\Lib\site-packages\sqlalchemy\pool\base.py", line 1264, in _checkout
    fairy = _ConnectionRecord.checkout(pool)
  File "D:\Proyectos Jc Code\Archivos para BD rionegro\Observatorio\env\Lib\site-packages\sqlalchemy\pool\base.py", line 711, in checkout
    rec = pool._do_get()
  File "D:\Proyectos Jc Code\Archivos para BD rionegro\Observatorio\env\Lib\site-packages\sqlalchemy\pool\impl.py", line 177, in _do_get
    with util.safe_reraise():
         ~~~~~~~~~~~~~~~~~^^
  File "D:\Proyectos Jc Code\Archivos para BD rionegro\Observatorio\env\Lib\site-packages\sqlalchemy\util\langhelpers.py", line 224, in __exit__
    raise exc_value.with_traceback(exc_tb)
  File "D:\Proyectos Jc Code\Archivos para BD rionegro\Observatorio\env\Lib\site-packages\sqlalchemy\pool\impl.py", line 175, in _do_get
    return self._create_connection()
           ~~~~~~~~~~~~~~~~~~~~~~~^^
  File "D:\Proyectos Jc Code\Archivos para BD rionegro\Observatorio\env\Lib\site-packages\sqlalchemy\pool\base.py", line 388, in _create_connection
    return _ConnectionRecord(self)
  File "D:\Proyectos Jc Code\Archivos para BD rionegro\Observatorio\env\Lib\site-packages\sqlalchemy\pool\base.py", line 673, in __init__
    self.__connect()
    ~~~~~~~~~~~~~~^^
  File "D:\Proyectos Jc Code\Archivos para BD rionegro\Observatorio\env\Lib\site-packages\sqlalchemy\pool\base.py", line 899, in __connect
    with util.safe_reraise():
         ~~~~~~~~~~~~~~~~~^^
  File "D:\Proyectos Jc Code\Archivos para BD rionegro\Observatorio\env\Lib\site-packages\sqlalchemy\util\langhelpers.py", line 224, in __exit__
    raise exc_value.with_traceback(exc_tb)
  File "D:\Proyectos Jc Code\Archivos para BD rionegro\Observatorio\env\Lib\site-packages\sqlalchemy\pool\base.py", line 895, in __connect
    self.dbapi_connection = connection = pool._invoke_creator(self)
                                         ~~~~~~~~~~~~~~~~~~~~^^^^^^
  File "D:\Proyectos Jc Code\Archivos para BD rionegro\Observatorio\env\Lib\site-packages\sqlalchemy\engine\create.py", line 661, in connect
    return dialect.connect(*cargs, **cparams)
           ~~~~~~~~~~~~~~~^^^^^^^^^^^^^^^^^^^
  File "D:\Proyectos Jc Code\Archivos para BD rionegro\Observatorio\env\Lib\site-packages\sqlalchemy\engine\default.py", line 629, in connect
    return self.loaded_dbapi.connect(*cargs, **cparams)  # type: ignore[no-any-return]  # NOQA: E501
           ~~~~~~~~~~~~~~~~~~~~~~~~~^^^^^^^^^^^^^^^^^^^
  File "D:\Proyectos Jc Code\Archivos para BD rionegro\Observatorio\env\Lib\site-packages\mysql\connector\pooling.py", line 322, in connect
    return CMySQLConnection(*args, **kwargs)
  File "D:\Proyectos Jc Code\Archivos para BD rionegro\Observatorio\env\Lib\site-packages\mysql\connector\connection_cext.py", line 142, in __init__
    self.connect(**kwargs)
    ~~~~~~~~~~~~^^^^^^^^^^
  File "D:\Proyectos Jc Code\Archivos para BD rionegro\Observatorio\env\Lib\site-packages\mysql\connector\abstracts.py", line 1604, in connect
    self._open_connection()
    ~~~~~~~~~~~~~~~~~~~~~^^
  File "D:\Proyectos Jc Code\Archivos para BD rionegro\Observatorio\env\Lib\site-packages\mysql\connector\connection_cext.py", line 360, in _open_connection
    raise get_mysql_exception(
        err.errno, msg=err.msg, sqlstate=err.sqlstate
    ) from err
sqlalchemy.exc.ProgrammingError: (mysql.connector.errors.ProgrammingError) 1049 (42000): Unknown database 'observatorio_bilinguismo'
(Background on this error at: https://sqlalche.me/e/20/f405)
2025-10-26 11:36:14,949 - __main__ - ERROR - Registros con NOMBRES2 faltante: 8
2025-10-26 11:36:14,949 - __main__ - ERROR - Registros con APELLIDOS faltante: 8
2025-10-26 11:36:14,950 - __main__ - ERROR - Registros con NUMERO_DOCUMENTO faltante: 8
2025-10-26 21:46:31,033 - __main__ - ERROR - Fatal error during data import: "['POBLACIÓN'] not in index"
2025-10-26 21:47:28,143 - __main__ - ERROR - Campo requerido NOMBRES no encontrado en el DataFrame
2025-10-26 21:47:28,143 - __main__ - ERROR - Registros con APELLIDOS faltante: 1
2025-10-26 21:47:28,144 - __main__ - ERROR - Registros con NUMERO_DOCUMENTO faltante: 13
2025-10-26 21:47:28,401 - __main__ - ERROR - Error inserting data into Personas: (mysql.connector.errors.DatabaseError) 1366 (HY000): Incorrect DOUBLE value: 'YES' for column 'CERTIFICADO' at row 2
[SQL: INSERT INTO `Personas` (`NOMBRES2`, `APELLIDOS`, `TELEFONO1`, `TELEFONO2`, `NUMERO_DOCUMENTO`, `CORREO_ELECTRONICO`, `DIRECCION`, `SEXO`, `FECHA_NACIMIENTO`, `CERTIFICADO`, `TIPO_PERSONA`) VALUES (%(NOMBRES2)s, %(APELLIDOS)s, %(TELEFONO1)s, %(TELEFONO2)s, %(NUMERO_DOCUMENTO)s, %(CORREO_ELECTRONICO)s, %(DIRECCION)s, %(SEXO)s, %(FECHA_NACIMIENTO)s, %(CERTIFICADO)s, %(TIPO_PERSONA)s)]
[parameters: [{'NOMBRES2': None, 'APELLIDOS': None, 'TELEFONO1': None, 'TELEFONO2': None, 'NUMERO_DOCUMENTO': None, 'CORREO_ELECTRONICO': '', 'DIRECCION': None, 'SEXO': None, 'FECHA_NACIMIENTO': None, 'CERTIFICADO': None, 'TIPO_PERSONA': None}, {'NOMBRES2': 'AARON ', 'APELLIDOS': 'NIETO MORALES', 'TELEFONO1': '3207560348', 'TELEFONO2': None, 'NUMERO_DOCUMENTO': 1036262037.0, 'CORREO_ELECTRONICO': 'jeenieto1@gmail.com', 'DIRECCION': 'CARRERA 52D 39-46', 'SEXO': 'M', 'FECHA_NACIMIENTO': datetime.datetime(2015, 7, 25, 0, 0), 'CERTIFICADO': 'YES', 'TIPO_PERSONA': 'Estudiante'}, {'NOMBRES2': 'ADONIS ALEJANDRO', 'APELLIDOS': 'GONZALEZ LOPEZ', 'TELEFONO1': '3147834340', 'TELEFONO2': None, 'NUMERO_DOCUMENTO': 4170315.0, 'CORREO_ELECTRONICO': 'adonis.alejandro.gonzalez.lo@ietisarionegro.edu.co', 'DIRECCION': 'PENDIENTE', 'SEXO': 'M', 'FECHA_NACIMIENTO': datetime.datetime(2007, 3, 8, 0, 0), 'CERTIFICADO': 'YES', 'TIPO_PERSONA': 'Estudiante'}, {'NOMBRES2': 'ADRIAN JERONIMO', 'APELLIDOS': 'RINCON VILLAMIL', 'TELEFONO1': '3194773565', 'TELEFONO2': '3115726494', 'NUMERO_DOCUMENTO': 1053447064.0, 'CORREO_ELECTRONICO': 'angiekavi93@gmail.com', 'DIRECCION': 'CALLE 29A 32-57 TORRES SAN JUAN', 'SEXO': 'M', 'FECHA_NACIMIENTO': datetime.datetime(2011, 5, 17, 0, 0), 'CERTIFICADO': 'YES', 'TIPO_PERSONA': 'Estudiante'}, {'NOMBRES2': 'ADRIAN MATEO', 'APELLIDOS': 'MEDINA REYES', 'TELEFONO1': '3186180168', 'TELEFONO2': None, 'NUMERO_DOCUMENTO': 1044001030.0, 'CORREO_ELECTRONICO': 'daryreyes_1204@hotmail.com', 'DIRECCION': 'CARRERA 47 41-25', 'SEXO': 'M', 'FECHA_NACIMIENTO': datetime.datetime(2015, 10, 29, 0, 0), 'CERTIFICADO': 'YES', 'TIPO_PERSONA': 'Estudiante'}, {'NOMBRES2': 'ALAN GABRIEL', 'APELLIDOS': 'SANABRIA BARRETO', 'TELEFONO1': '3023192026', 'TELEFONO2': '3108614877', 'NUMERO_DOCUMENTO': 1036967980.0, 'CORREO_ELECTRONICO': 'alangabriel.sanabriaba@iecmp.edu.co', 'DIRECCION': 'PENDIENTE', 'SEXO': 'M', 'FECHA_NACIMIENTO': datetime.datetime(2012, 12, 9, 0, 0), 'CERTIFICADO': 'YES', 'TIPO_PERSONA': 'Estudiante'}, {'NOMBRES2': 'ALAN HAIR', 'APELLIDOS': 'MONROY AMAYA', 'TELEFONO1': '3046238293', 'TELEFONO2': None, 'NUMERO_DOCUMENTO': 1126245970.0, 'CORREO_ELECTRONICO': 'rionegrobilingue2022@gmail.com', 'DIRECCION': 'PENDIENTE', 'SEXO': 'M', 'FECHA_NACIMIENTO': datetime.datetime(2009, 8, 10, 0, 0), 'CERTIFICADO': 'NO', 'TIPO_PERSONA': 'Estudiante'}, {'NOMBRES2': 'ALEJANDRA', 'APELLIDOS': 'CASTAÑO GARCIA ', 'TELEFONO1': '3136249046', 'TELEFONO2': '3105429308', 'NUMERO_DOCUMENTO': 1036258928.0, 'CORREO_ELECTRONICO': 'dianagarcia.l1728@gmail.com', 'DIRECCION': 'PENDIENTE', 'SEXO': 'F', 'FECHA_NACIMIENTO': datetime.datetime(2010, 8, 25, 0, 0), 'CERTIFICADO': 'YES', 'TIPO_PERSONA': 'Estudiante'}  ... displaying 10 of 1044 total bound parameter sets ...  {'NOMBRES2': 'ZAHIRA ', 'APELLIDOS': 'GOMEZ OTALVARO ', 'TELEFONO1': '3105243946', 'TELEFONO2': '5310111', 'NUMERO_DOCUMENTO': 1036256589.0, 'CORREO_ELECTRONICO': 'patricia-otalvaro@hotmail.com', 'DIRECCION': 'PENDIENTE', 'SEXO': 'F', 'FECHA_NACIMIENTO': datetime.datetime(2008, 10, 4, 0, 0), 'CERTIFICADO': None, 'TIPO_PERSONA': 'Estudiante'}, {'NOMBRES2': 'YULIANA ANDREA', 'APELLIDOS': 'MONTOYA PINEDA ', 'TELEFONO1': '3127124615', 'TELEFONO2': '3216474460', 'NUMERO_DOCUMENTO': 1036936053.0, 'CORREO_ELECTRONICO': 'samayube-22@hotmail.com', 'DIRECCION': 'PENDIENTE', 'SEXO': 'F', 'FECHA_NACIMIENTO': datetime.datetime(2007, 12, 22, 0, 0), 'CERTIFICADO': 'YES', 'TIPO_PERSONA': 'Estudiante'}]]
(Background on this error at: https://sqlalche.me/e/20/4xp6)
2025-10-26 21:47:28,410 - __main__ - ERROR - Fatal error during data import: (mysql.connector.errors.DatabaseError) 1366 (HY000): Incorrect DOUBLE value: 'YES' for column 'CERTIFICADO' at row 2
[SQL: INSERT INTO `Personas` (`NOMBRES2`, `APELLIDOS`, `TELEFONO1`, `TELEFONO2`, `NUMERO_DOCUMENTO`, `CORREO_ELECTRONICO`, `DIRECCION`, `SEXO`, `FECHA_NACIMIENTO`, `CERTIFICADO`, `TIPO_PERSONA`) VALUES (%(NOMBRES2)s, %(APELLIDOS)s, %(TELEFONO1)s, %(TELEFONO2)s, %(NUMERO_DOCUMENTO)s, %(CORREO_ELECTRONICO)s, %(DIRECCION)s, %(SEXO)s, %(FECHA_NACIMIENTO)s, %(CERTIFICADO)s, %(TIPO_PERSONA)s)]
[parameters: [{'NOMBRES2': None, 'APELLIDOS': None, 'TELEFONO1': None, 'TELEFONO2': None, 'NUMERO_DOCUMENTO': None, 'CORREO_ELECTRONICO': '', 'DIRECCION': None, 'SEXO': None, 'FECHA_NACIMIENTO': None, 'CERTIFICADO': None, 'TIPO_PERSONA': None}, {'NOMBRES2': 'AARON ', 'APELLIDOS': 'NIETO MORALES', 'TELEFONO1': '3207560348', 'TELEFONO2': None, 'NUMERO_DOCUMENTO': 1036262037.0, 'CORREO_ELECTRONICO': 'jeenieto1@gmail.com', 'DIRECCION': 'CARRERA 52D 39-46', 'SEXO': 'M', 'FECHA_NACIMIENTO': datetime.datetime(2015, 7, 25, 0, 0), 'CERTIFICADO': 'YES', 'TIPO_PERSONA': 'Estudiante'}, {'NOMBRES2': 'ADONIS ALEJANDRO', 'APELLIDOS': 'GONZALEZ LOPEZ', 'TELEFONO1': '3147834340', 'TELEFONO2': None, 'NUMERO_DOCUMENTO': 4170315.0, 'CORREO_ELECTRONICO': 'adonis.alejandro.gonzalez.lo@ietisarionegro.edu.co', 'DIRECCION': 'PENDIENTE', 'SEXO': 'M', 'FECHA_NACIMIENTO': datetime.datetime(2007, 3, 8, 0, 0), 'CERTIFICADO': 'YES', 'TIPO_PERSONA': 'Estudiante'}, {'NOMBRES2': 'ADRIAN JERONIMO', 'APELLIDOS': 'RINCON VILLAMIL', 'TELEFONO1': '3194773565', 'TELEFONO2': '3115726494', 'NUMERO_DOCUMENTO': 1053447064.0, 'CORREO_ELECTRONICO': 'angiekavi93@gmail.com', 'DIRECCION': 'CALLE 29A 32-57 TORRES SAN JUAN', 'SEXO': 'M', 'FECHA_NACIMIENTO': datetime.datetime(2011, 5, 17, 0, 0), 'CERTIFICADO': 'YES', 'TIPO_PERSONA': 'Estudiante'}, {'NOMBRES2': 'ADRIAN MATEO', 'APELLIDOS': 'MEDINA REYES', 'TELEFONO1': '3186180168', 'TELEFONO2': None, 'NUMERO_DOCUMENTO': 1044001030.0, 'CORREO_ELECTRONICO': 'daryreyes_1204@hotmail.com', 'DIRECCION': 'CARRERA 47 41-25', 'SEXO': 'M', 'FECHA_NACIMIENTO': datetime.datetime(2015, 10, 29, 0, 0), 'CERTIFICADO': 'YES', 'TIPO_PERSONA': 'Estudiante'}, {'NOMBRES2': 'ALAN GABRIEL', 'APELLIDOS': 'SANABRIA BARRETO', 'TELEFONO1': '3023192026', 'TELEFONO2': '3108614877', 'NUMERO_DOCUMENTO': 1036967980.0, 'CORREO_ELECTRONICO': 'alangabriel.sanabriaba@iecmp.edu.co', 'DIRECCION': 'PENDIENTE', 'SEXO': 'M', 'FECHA_NACIMIENTO': datetime.datetime(2012, 12, 9, 0, 0), 'CERTIFICADO': 'YES', 'TIPO_PERSONA': 'Estudiante'}, {'NOMBRES2': 'ALAN HAIR', 'APELLIDOS': 'MONROY AMAYA', 'TELEFONO1': '3046238293', 'TELEFONO2': None, 'NUMERO_DOCUMENTO': 1126245970.0, 'CORREO_ELECTRONICO': 'rionegrobilingue2022@gmail.com', 'DIRECCION': 'PENDIENTE', 'SEXO': 'M', 'FECHA_NACIMIENTO': datetime.datetime(2009, 8, 10, 0, 0), 'CERTIFICADO': 'NO', 'TIPO_PERSONA': 'Estudiante'}, {'NOMBRES2': 'ALEJANDRA', 'APELLIDOS': 'CASTAÑO GARCIA ', 'TELEFONO1': '3136249046', 'TELEFONO2': '3105429308', 'NUMERO_DOCUMENTO': 1036258928.0, 'CORREO_ELECTRONICO': 'dianagarcia.l1728@gmail.com', 'DIRECCION': 'PENDIENTE', 'SEXO': 'F', 'FECHA_NACIMIENTO': datetime.datetime(2010, 8, 25, 0, 0), 'CERTIFICADO': 'YES', 'TIPO_PERSONA': 'Estudiante'}  ... displaying 10 of 1044 total bound parameter sets ...  {'NOMBRES2': 'ZAHIRA ', 'APELLIDOS': 'GOMEZ OTALVARO ', 'TELEFONO1': '3105243946', 'TELEFONO2': '5310111', 'NUMERO_DOCUMENTO': 1036256589.0, 'CORREO_ELECTRONICO': 'patricia-otalvaro@hotmail.com', 'DIRECCION': 'PENDIENTE', 'SEXO': 'F', 'FECHA_NACIMIENTO': datetime.datetime(2008, 10, 4, 0, 0), 'CERTIFICADO': None, 'TIPO_PERSONA': 'Estudiante'}, {'NOMBRES2': 'YULIANA ANDREA', 'APELLIDOS': 'MONTOYA PINEDA ', 'TELEFONO1': '3127124615', 'TELEFONO2': '3216474460', 'NUMERO_DOCUMENTO': 1036936053.0, 'CORREO_ELECTRONICO': 'samayube-22@hotmail.com', 'DIRECCION': 'PENDIENTE', 'SEXO': 'F', 'FECHA_NACIMIENTO': datetime.datetime(2007, 12, 22, 0, 0), 'CERTIFICADO': 'YES', 'TIPO_PERSONA': 'Estudiante'}]]
(Background on this error at: https://sqlalche.me/e/20/4xp6)
